<?xml version="1.0" encoding="UTF-8"?>
<coverage generated="1596974110760" clover="3.2.0">
  <project timestamp="1596974110760" name="All files">
    <metrics statements="6" coveredstatements="2" conditionals="6" coveredconditionals="1" methods="3" coveredmethods="1" elements="15" coveredelements="4" complexity="0" loc="6" ncloc="6" packages="1" files="1" classes="1"/>
    <file name="index.ts" path="/Users/rkretzschmar/workspace/projects/private/verdaccio/verdaccio-gae-ah/src/index.ts">
      <metrics statements="6" coveredstatements="2" conditionals="6" coveredconditionals="1" methods="3" coveredmethods="1"/>
      <line num="9" count="1" type="stmt"/>
      <line num="10" count="1" type="cond" truecount="1" falsecount="1"/>
      <line num="14" count="0" type="stmt"/>
      <line num="15" count="0" type="cond" truecount="0" falsecount="4"/>
      <line num="16" count="0" type="stmt"/>
      <line num="18" count="0" type="stmt"/>
    </file>
  </project>
</coverage>
